Arguments: 
  C:\Program Files\nodejs\node.exe C:\Program Files\Yarn\bin\yarn.js

PATH: 
  C:\ProgramData\Oracle\Java\javapath;C:\Windows\system32;C:\Windows;C:\Windows\System32\Wbem;C:\Windows\System32\WindowsPowerShell\v1.0\;C:\Program Files\nodejs\;C:\Program Files\Yarn\bin\;C:\Program Files\Git\bin;C:\Users\Armando\AppData\Roaming\npm;C:\Program Files\Microsoft VS Code\bin;C:\Users\Armando\AppData\Local\Yarn\bin

Yarn version: 
  1.12.3

Node version: 
  8.11.1

Platform: 
  win32 ia32

Trace: 
  Error: getaddrinfo ENOTFOUND registry.yarnpkg.com registry.yarnpkg.com:443
      at errnoException (dns.js:50:10)
      at GetAddrInfoReqWrap.onlookup [as oncomplete] (dns.js:92:26)

npm manifest: 
  {
      "title": "Creative",
      "name": "startbootstrap-creative",
      "version": "4.1.1",
      "description": "Creative is a stylish one page HTML theme for Bootstrap.",
      "keywords": [
          "css",
          "sass",
          "html",
          "responsive",
          "theme",
          "template"
      ],
      "homepage": "https://startbootstrap.com/template-overviews/creative",
      "bugs": {
          "url": "https://github.com/BlackrockDigital/startbootstrap-creative/issues",
          "email": "feedback@startbootstrap.com"
      },
      "license": "MIT",
      "author": "Start Bootstrap",
      "contributors": [
          "David Miller (http://davidmiller.io/)"
      ],
      "repository": {
          "type": "git",
          "url": "https://github.com/BlackrockDigital/startbootstrap-creative.git"
      },
      "dependencies": {
          "bootstrap": "4.1.1",
          "font-awesome": "4.7.0",
          "jquery": "3.3.1",
          "jquery.easing": "^1.4.1",
          "magnific-popup": "^1.1.0",
          "scrollreveal": "3.4.0"
      },
      "devDependencies": {
          "browser-sync": "2.24.5",
          "gulp": "^3.9.1",
          "gulp-clean-css": "3.9.4",
          "gulp-header": "2.0.5",
          "gulp-rename": "1.3.0",
          "gulp-sass": "4.0.1",
          "gulp-uglify": "3.0.0"
      }
  }

yarn manifest: 
  No manifest

Lockfile: 
  No lockfile
